0 info it worked if it ends with ok
1 verbose cli [ 'node', '/usr/local/bin/npm', 'publish' ]
2 info using npm@2.7.4
3 info using node@v0.12.2
4 verbose publish [ '.' ]
5 silly cache add args [ '.', null ]
6 verbose cache add spec .
7 silly cache add parsed spec { raw: '.',
7 silly cache add   scope: null,
7 silly cache add   name: null,
7 silly cache add   rawSpec: '.',
7 silly cache add   spec: '/Users/sherlock/work/wind-startup',
7 silly cache add   type: 'directory' }
8 verbose addLocalDirectory /Users/sherlock/.npm/wind-startup/1.0.0/package.tgz not in flight; packing
9 verbose tar pack [ '/Users/sherlock/.npm/wind-startup/1.0.0/package.tgz',
9 verbose tar pack   '/Users/sherlock/work/wind-startup' ]
10 verbose tarball /Users/sherlock/.npm/wind-startup/1.0.0/package.tgz
11 verbose folder /Users/sherlock/work/wind-startup
12 info prepublish wind-startup@1.0.0
13 verbose addLocalTarball adding from inside cache /Users/sherlock/.npm/wind-startup/1.0.0/package.tgz
14 silly cache afterAdd wind-startup@1.0.0
15 verbose afterAdd /Users/sherlock/.npm/wind-startup/1.0.0/package/package.json not in flight; writing
16 verbose afterAdd /Users/sherlock/.npm/wind-startup/1.0.0/package/package.json written
17 silly publish { name: 'wind-startup',
17 silly publish   version: '1.0.0',
17 silly publish   description: 'is Fast build Front and rear decoupling  node  project startup',
17 silly publish   bin: { wind: 'bin/wind' },
17 silly publish   author: { name: 'sherlock221b' },
17 silly publish   repository: { type: 'git', url: 'https://github.com/sherlock221/wind.git' },
17 silly publish   dependencies: { commander: '>= 2.8.1', 'fs-extra': '>= 0.23.1' },
17 silly publish   license: 'MIT',
17 silly publish   readme: '# wind\n前后端解耦 快速启动项目  采用node进行 页面路由控制\n\n\n',
17 silly publish   readmeFilename: 'README.md',
17 silly publish   gitHead: '8503924619ac42632290daaa29789f8d39ac5470',
17 silly publish   bugs: { url: 'https://github.com/sherlock221/wind/issues' },
17 silly publish   homepage: 'https://github.com/sherlock221/wind',
17 silly publish   _id: 'wind-startup@1.0.0',
17 silly publish   scripts: {},
17 silly publish   _shasum: '9f67d9e2af3095840bb3833675076c69adfa2890',
17 silly publish   _from: '.' }
18 silly mapToRegistry name wind-startup
19 silly mapToRegistry using default registry
20 silly mapToRegistry registry https://registry.npmjs.org/
21 silly mapToRegistry uri https://registry.npmjs.org/wind-startup
22 verbose publish registryBase https://registry.npmjs.org/
23 silly publish uploading /Users/sherlock/.npm/wind-startup/1.0.0/package.tgz
24 verbose request uri https://registry.npmjs.org/wind-startup
25 verbose request sending authorization for write operation
26 info attempt registry request try #1 at 10:08:59 PM
27 verbose request using bearer token for auth
28 verbose request id 2379e65cc302d0f7
29 http request PUT https://registry.npmjs.org/wind-startup
30 http 403 https://registry.npmjs.org/wind-startup
31 verbose headers { 'content-type': 'application/json',
31 verbose headers   'cache-control': 'max-age=60',
31 verbose headers   'content-length': '95',
31 verbose headers   'accept-ranges': 'bytes',
31 verbose headers   date: 'Sat, 15 Aug 2015 14:09:25 GMT',
31 verbose headers   via: '1.1 varnish',
31 verbose headers   connection: 'keep-alive',
31 verbose headers   'x-served-by': 'cache-nrt6124-NRT',
31 verbose headers   'x-cache': 'MISS',
31 verbose headers   'x-cache-hits': '0',
31 verbose headers   'x-timer': 'S1439647743.049553,VS0,VE22291' }
32 verbose request invalidating /Users/sherlock/.npm/registry.npmjs.org/wind-startup on PUT
33 error publish Failed PUT 403
34 verbose stack Error: "You cannot publish over the previously published version 1.0.0." : wind-startup
34 verbose stack     at CachingRegistryClient.<anonymous> (/usr/local/lib/node_modules/npm/node_modules/npm-registry-client/lib/request.js:247:14)
34 verbose stack     at Request._callback (/usr/local/lib/node_modules/npm/node_modules/npm-registry-client/lib/request.js:170:14)
34 verbose stack     at Request.self.callback (/usr/local/lib/node_modules/npm/node_modules/request/request.js:344:22)
34 verbose stack     at Request.emit (events.js:110:17)
34 verbose stack     at Request.<anonymous> (/usr/local/lib/node_modules/npm/node_modules/request/request.js:1239:14)
34 verbose stack     at Request.emit (events.js:129:20)
34 verbose stack     at IncomingMessage.<anonymous> (/usr/local/lib/node_modules/npm/node_modules/request/request.js:1187:12)
34 verbose stack     at IncomingMessage.emit (events.js:129:20)
34 verbose stack     at _stream_readable.js:908:16
34 verbose stack     at process._tickCallback (node.js:355:11)
35 verbose statusCode 403
36 verbose pkgid wind-startup
37 verbose cwd /Users/sherlock/work/wind-startup
38 error Darwin 14.4.0
39 error argv "node" "/usr/local/bin/npm" "publish"
40 error node v0.12.2
41 error npm  v2.7.4
42 error code E403
43 error "You cannot publish over the previously published version 1.0.0." : wind-startup
44 error If you need help, you may report this error at:
44 error     <https://github.com/npm/npm/issues>
45 verbose exit [ 1, true ]
